                                      1 ;--------------------------------------------------------
                                      2 ; File Created by SDCC : free open source ANSI-C Compiler
                                      3 ; Version 3.9.1 #11255 (Linux)
                                      4 ;--------------------------------------------------------
                                      5 	.module _startup
                                      6 	.optsdcc -mpdk13
                                      7 	
                                      8 
                                      9 ; default segment ordering in RAM for linker
                                     10 	.area DATA
                                     11 	.area OSEG (OVR,DATA)
                                     12 
                                     13 ;--------------------------------------------------------
                                     14 ; Public variables in this module
                                     15 ;--------------------------------------------------------
                                     16 	.globl __sdcc_external_startup
                                     17 ;--------------------------------------------------------
                                     18 ; special function registers
                                     19 ;--------------------------------------------------------
                                     20 	.area RSEG (ABS)
      000000                         21 	.org 0x0000
                                     22 ;--------------------------------------------------------
                                     23 ; ram data
                                     24 ;--------------------------------------------------------
                                     25 	.area DATA
                                     26 ;--------------------------------------------------------
                                     27 ; overlayable items in ram 
                                     28 ;--------------------------------------------------------
                                     29 ;--------------------------------------------------------
                                     30 ; absolute external ram data
                                     31 ;--------------------------------------------------------
                                     32 	.area DABS (ABS)
                                     33 ;--------------------------------------------------------
                                     34 ; global & static initialisations
                                     35 ;--------------------------------------------------------
                                     36 	.area HOME
                                     37 	.area GSINIT
                                     38 	.area GSFINAL
                                     39 	.area GSINIT
                                     40 ;--------------------------------------------------------
                                     41 ; Home
                                     42 ;--------------------------------------------------------
                                     43 	.area HOME
                                     44 	.area HOME
                                     45 ;--------------------------------------------------------
                                     46 ; code
                                     47 ;--------------------------------------------------------
                                     48 	.area CODE
                                     49 ;	../_startup.c: 52: unsigned char _sdcc_external_startup ()
                                     50 ;	-----------------------------------------
                                     51 ;	 function _sdcc_external_startup
                                     52 ;	-----------------------------------------
      000000                         53 __sdcc_external_startup:
                                     54 ;	../_startup.c: 54: return 0;
      000000 00 02                   55 	ret	#0x00
                                     56 ;	../_startup.c: 55: }
      000002 7A 00                   57 	ret
                                     58 	.area CODE
                                     59 	.area CONST
                                     60 	.area CABS (ABS)
