                                      1 ;--------------------------------------------------------
                                      2 ; File Created by SDCC : free open source ANSI-C Compiler
                                      3 ; Version 3.9.1 #11255 (Linux)
                                      4 ;--------------------------------------------------------
                                      5 	.module _uint2fs
                                      6 	.optsdcc -mpdk13
                                      7 	
                                      8 
                                      9 ; default segment ordering in RAM for linker
                                     10 	.area DATA
                                     11 	.area OSEG (OVR,DATA)
                                     12 
                                     13 ;--------------------------------------------------------
                                     14 ; Public variables in this module
                                     15 ;--------------------------------------------------------
                                     16 	.globl ___ulong2fs
                                     17 	.globl ___uint2fs_PARM_1
                                     18 	.globl ___uint2fs
                                     19 ;--------------------------------------------------------
                                     20 ; special function registers
                                     21 ;--------------------------------------------------------
                                     22 	.area RSEG (ABS)
      000000                         23 	.org 0x0000
                                     24 ;--------------------------------------------------------
                                     25 ; ram data
                                     26 ;--------------------------------------------------------
                                     27 	.area DATA
      000000                         28 ___uint2fs_PARM_1:
      000000                         29 	.ds 2
      000002                         30 ___uint2fs_sloc0_1_0:
      000002                         31 	.ds 4
                                     32 ;--------------------------------------------------------
                                     33 ; overlayable items in ram 
                                     34 ;--------------------------------------------------------
                                     35 ;--------------------------------------------------------
                                     36 ; absolute external ram data
                                     37 ;--------------------------------------------------------
                                     38 	.area DABS (ABS)
                                     39 ;--------------------------------------------------------
                                     40 ; global & static initialisations
                                     41 ;--------------------------------------------------------
                                     42 	.area HOME
                                     43 	.area GSINIT
                                     44 	.area GSFINAL
                                     45 	.area GSINIT
                                     46 ;--------------------------------------------------------
                                     47 ; Home
                                     48 ;--------------------------------------------------------
                                     49 	.area HOME
                                     50 	.area HOME
                                     51 ;--------------------------------------------------------
                                     52 ; code
                                     53 ;--------------------------------------------------------
                                     54 	.area CODE
                                     55 ;	../_uint2fs.c: 54: float __uint2fs (unsigned int ui) {
                                     56 ;	-----------------------------------------
                                     57 ;	 function __uint2fs
                                     58 ;	-----------------------------------------
      000000                         59 ___uint2fs:
                                     60 ;	../_uint2fs.c: 55: return __ulong2fs(ui);
      000000r80r0F                   61 	mov	a, ___uint2fs_PARM_1+0
      000002r80r0B                   62 	mov	___ulong2fs_PARM_1+0, a
      000004r81r0F                   63 	mov	a, ___uint2fs_PARM_1+1
      000006r81r0B                   64 	mov	___ulong2fs_PARM_1+1, a
      000008r02r13                   65 	clear	___ulong2fs_PARM_1+2
      00000Ar03r13                   66 	clear	___ulong2fs_PARM_1+3
      00000Cr02r2F                   67 	mov	a, #___uint2fs_sloc0_1_0
      00000E 72 00                   68 	push	af
      000010r00r38                   69 	call	___ulong2fs
      000012 C2 01                   70 	mov	a, sp
      000014 FE 28                   71 	add	a, #-2
      000016 82 01                   72 	mov	sp, a
      000018 FC 28                   73 	add	a, #0xfc
      00001Ar80r0B                   74 	mov	p, a
      00001Cr81r03                   75 	idxm	a, p
      00001Er80r0B                   76 	mov	p, a
      000020r82r0F                   77 	mov	a, ___uint2fs_sloc0_1_0+0
      000022r80r03                   78 	idxm	p, a
      000024r00r12                   79 	inc	p
      000026r83r0F                   80 	mov	a, ___uint2fs_sloc0_1_0+1
      000028r80r03                   81 	idxm	p, a
      00002Ar00r12                   82 	inc	p
      00002Cr84r0F                   83 	mov	a, ___uint2fs_sloc0_1_0+2
      00002Er80r03                   84 	idxm	p, a
      000030r00r12                   85 	inc	p
      000032r85r0F                   86 	mov	a, ___uint2fs_sloc0_1_0+3
      000034r80r03                   87 	idxm	p, a
                                     88 ;	../_uint2fs.c: 56: }
      000036 7A 00                   89 	ret
                                     90 	.area CODE
                                     91 	.area CONST
                                     92 	.area CABS (ABS)
