                                      1 ;--------------------------------------------------------
                                      2 ; File Created by SDCC : free open source ANSI-C Compiler
                                      3 ; Version 3.9.1 #11255 (Linux)
                                      4 ;--------------------------------------------------------
                                      5 	.module abs
                                      6 	.optsdcc -mpdk13
                                      7 	
                                      8 
                                      9 ; default segment ordering in RAM for linker
                                     10 	.area DATA
                                     11 	.area OSEG (OVR,DATA)
                                     12 
                                     13 ;--------------------------------------------------------
                                     14 ; Public variables in this module
                                     15 ;--------------------------------------------------------
                                     16 	.globl _abs_PARM_1
                                     17 	.globl _abs
                                     18 ;--------------------------------------------------------
                                     19 ; special function registers
                                     20 ;--------------------------------------------------------
                                     21 	.area RSEG (ABS)
      000000                         22 	.org 0x0000
                                     23 ;--------------------------------------------------------
                                     24 ; ram data
                                     25 ;--------------------------------------------------------
                                     26 	.area DATA
      000000                         27 _abs_PARM_1:
      000000                         28 	.ds 2
                                     29 ;--------------------------------------------------------
                                     30 ; overlayable items in ram 
                                     31 ;--------------------------------------------------------
                                     32 ;--------------------------------------------------------
                                     33 ; absolute external ram data
                                     34 ;--------------------------------------------------------
                                     35 	.area DABS (ABS)
                                     36 ;--------------------------------------------------------
                                     37 ; global & static initialisations
                                     38 ;--------------------------------------------------------
                                     39 	.area HOME
                                     40 	.area GSINIT
                                     41 	.area GSFINAL
                                     42 	.area GSINIT
                                     43 ;--------------------------------------------------------
                                     44 ; Home
                                     45 ;--------------------------------------------------------
                                     46 	.area HOME
                                     47 	.area HOME
                                     48 ;--------------------------------------------------------
                                     49 ; code
                                     50 ;--------------------------------------------------------
                                     51 	.area CODE
                                     52 ;	../abs.c: 54: int abs(int j)
                                     53 ;	-----------------------------------------
                                     54 ;	 function abs
                                     55 ;	-----------------------------------------
      000000                         56 _abs:
                                     57 ;	../abs.c: 56: return (j < 0) ? -j : j;
      000000r81r0F                   58 	mov	a, _abs_PARM_1+1
      000002 80 29                   59 	sub	a, #0x80
      000004 40 18                   60 	t0sn	f, c
      000006r14r30                   61 	goto	00103$
      000008 00 2F                   62 	mov	a, #0x00
      00000Ar80r0C                   63 	sub	a, _abs_PARM_1+0
      00000Cr80r0B                   64 	mov	p, a
      00000E 00 2F                   65 	mov	a, #0x00
      000010r81r0D                   66 	subc	a, _abs_PARM_1+1
      000012r1Ar30                   67 	goto	00104$
      000014                         68 00103$:
      000014r80r0F                   69 	mov	a, _abs_PARM_1+0
      000016r80r0B                   70 	mov	p, a
      000018r81r0F                   71 	mov	a, _abs_PARM_1+1
      00001A                         72 00104$:
      00001Ar80r13                   73 	xch	a, p
                                     74 ;	../abs.c: 57: }
      00001C 7A 00                   75 	ret
                                     76 	.area CODE
                                     77 	.area CONST
                                     78 	.area CABS (ABS)
