                                      1 ;--------------------------------------------------------
                                      2 ; File Created by SDCC : free open source ANSI-C Compiler
                                      3 ; Version 3.9.1 #11255 (Linux)
                                      4 ;--------------------------------------------------------
                                      5 	.module aligned_alloc
                                      6 	.optsdcc -mpdk13
                                      7 	
                                      8 
                                      9 ; default segment ordering in RAM for linker
                                     10 	.area DATA
                                     11 	.area OSEG (OVR,DATA)
                                     12 
                                     13 ;--------------------------------------------------------
                                     14 ; Public variables in this module
                                     15 ;--------------------------------------------------------
                                     16 	.globl _malloc
                                     17 	.globl _aligned_alloc_PARM_2
                                     18 	.globl _aligned_alloc_PARM_1
                                     19 	.globl _aligned_alloc
                                     20 ;--------------------------------------------------------
                                     21 ; special function registers
                                     22 ;--------------------------------------------------------
                                     23 	.area RSEG (ABS)
      000000                         24 	.org 0x0000
                                     25 ;--------------------------------------------------------
                                     26 ; ram data
                                     27 ;--------------------------------------------------------
                                     28 	.area DATA
      000000                         29 _aligned_alloc_PARM_1:
      000000                         30 	.ds 2
      000002                         31 _aligned_alloc_PARM_2:
      000002                         32 	.ds 2
                                     33 ;--------------------------------------------------------
                                     34 ; overlayable items in ram 
                                     35 ;--------------------------------------------------------
                                     36 ;--------------------------------------------------------
                                     37 ; absolute external ram data
                                     38 ;--------------------------------------------------------
                                     39 	.area DABS (ABS)
                                     40 ;--------------------------------------------------------
                                     41 ; global & static initialisations
                                     42 ;--------------------------------------------------------
                                     43 	.area HOME
                                     44 	.area GSINIT
                                     45 	.area GSFINAL
                                     46 	.area GSINIT
                                     47 ;--------------------------------------------------------
                                     48 ; Home
                                     49 ;--------------------------------------------------------
                                     50 	.area HOME
                                     51 	.area HOME
                                     52 ;--------------------------------------------------------
                                     53 ; code
                                     54 ;--------------------------------------------------------
                                     55 	.area CODE
                                     56 ;	./../../include/stdlib.h: 86: inline void *aligned_alloc(size_t alignment, size_t size)
                                     57 ;	-----------------------------------------
                                     58 ;	 function aligned_alloc
                                     59 ;	-----------------------------------------
      000000                         60 _aligned_alloc:
                                     61 ;	./../../include/stdlib.h: 89: return malloc(size);
      000000r82r0F                   62 	mov	a, _aligned_alloc_PARM_2+0
      000002r80r0B                   63 	mov	_malloc_PARM_1+0, a
      000004r83r0F                   64 	mov	a, _aligned_alloc_PARM_2+1
      000006r81r0B                   65 	mov	_malloc_PARM_1+1, a
      000008r00r38                   66 	call	_malloc
                                     67 ;	./../../include/stdlib.h: 90: }
      00000A 7A 00                   68 	ret
                                     69 	.area CODE
                                     70 	.area CONST
                                     71 	.area CABS (ABS)
