                                      1 ;--------------------------------------------------------
                                      2 ; File Created by SDCC : free open source ANSI-C Compiler
                                      3 ; Version 3.9.1 #11255 (Linux)
                                      4 ;--------------------------------------------------------
                                      5 	.module atoll
                                      6 	.optsdcc -mpdk13
                                      7 	
                                      8 
                                      9 ; default segment ordering in RAM for linker
                                     10 	.area DATA
                                     11 	.area OSEG (OVR,DATA)
                                     12 
                                     13 ;--------------------------------------------------------
                                     14 ; Public variables in this module
                                     15 ;--------------------------------------------------------
                                     16 ;--------------------------------------------------------
                                     17 ; special function registers
                                     18 ;--------------------------------------------------------
                                     19 	.area RSEG (ABS)
      000000                         20 	.org 0x0000
                                     21 ;--------------------------------------------------------
                                     22 ; ram data
                                     23 ;--------------------------------------------------------
                                     24 	.area DATA
                                     25 ;--------------------------------------------------------
                                     26 ; overlayable items in ram 
                                     27 ;--------------------------------------------------------
                                     28 ;--------------------------------------------------------
                                     29 ; absolute external ram data
                                     30 ;--------------------------------------------------------
                                     31 	.area DABS (ABS)
                                     32 ;--------------------------------------------------------
                                     33 ; global & static initialisations
                                     34 ;--------------------------------------------------------
                                     35 	.area HOME
                                     36 	.area GSINIT
                                     37 	.area GSFINAL
                                     38 	.area GSINIT
                                     39 ;--------------------------------------------------------
                                     40 ; Home
                                     41 ;--------------------------------------------------------
                                     42 	.area HOME
                                     43 	.area HOME
                                     44 ;--------------------------------------------------------
                                     45 ; code
                                     46 ;--------------------------------------------------------
                                     47 	.area CODE
                                     48 	.area CODE
                                     49 	.area CONST
                                     50 	.area CABS (ABS)
