                                      1 ;--------------------------------------------------------
                                      2 ; File Created by SDCC : free open source ANSI-C Compiler
                                      3 ; Version 3.9.1 #11255 (Linux)
                                      4 ;--------------------------------------------------------
                                      5 	.module bsearch
                                      6 	.optsdcc -mpdk13
                                      7 	
                                      8 
                                      9 ; default segment ordering in RAM for linker
                                     10 	.area DATA
                                     11 	.area OSEG (OVR,DATA)
                                     12 
                                     13 ;--------------------------------------------------------
                                     14 ; Public variables in this module
                                     15 ;--------------------------------------------------------
                                     16 	.globl _bsearch_PARM_5
                                     17 	.globl _bsearch_PARM_4
                                     18 	.globl _bsearch_PARM_3
                                     19 	.globl _bsearch_PARM_2
                                     20 	.globl _bsearch_PARM_1
                                     21 	.globl _bsearch
                                     22 ;--------------------------------------------------------
                                     23 ; special function registers
                                     24 ;--------------------------------------------------------
                                     25 	.area RSEG (ABS)
      000000                         26 	.org 0x0000
                                     27 ;--------------------------------------------------------
                                     28 ; ram data
                                     29 ;--------------------------------------------------------
                                     30 	.area DATA
      000000                         31 _bsearch_PARM_1:
      000000                         32 	.ds 2
      000002                         33 _bsearch_PARM_2:
      000002                         34 	.ds 2
      000004                         35 _bsearch_PARM_3:
      000004                         36 	.ds 2
      000006                         37 _bsearch_PARM_4:
      000006                         38 	.ds 2
      000008                         39 _bsearch_PARM_5:
      000008                         40 	.ds 2
      00000A                         41 _bsearch_sloc0_1_0:
      00000A                         42 	.ds 2
      00000C                         43 _bsearch_sloc1_1_0:
      00000C                         44 	.ds 2
      00000E                         45 _bsearch_sloc2_1_0:
      00000E                         46 	.ds 2
      000010                         47 _bsearch_sloc3_1_0:
      000010                         48 	.ds 2
      000012                         49 _bsearch_sloc4_1_0:
      000012                         50 	.ds 2
      000014                         51 _bsearch_sloc5_1_0:
      000014                         52 	.ds 2
                                     53 ;--------------------------------------------------------
                                     54 ; overlayable items in ram 
                                     55 ;--------------------------------------------------------
                                     56 ;--------------------------------------------------------
                                     57 ; absolute external ram data
                                     58 ;--------------------------------------------------------
                                     59 	.area DABS (ABS)
                                     60 ;--------------------------------------------------------
                                     61 ; global & static initialisations
                                     62 ;--------------------------------------------------------
                                     63 	.area HOME
                                     64 	.area GSINIT
                                     65 	.area GSFINAL
                                     66 	.area GSINIT
                                     67 ;--------------------------------------------------------
                                     68 ; Home
                                     69 ;--------------------------------------------------------
                                     70 	.area HOME
                                     71 	.area HOME
                                     72 ;--------------------------------------------------------
                                     73 ; code
                                     74 ;--------------------------------------------------------
                                     75 	.area CODE
                                     76 ;	../bsearch.c: 31: void *bsearch(const void *key, const void *base, size_t nmemb, size_t size, int (*compar)(const void *, const void *) __reentrant)
                                     77 ;	-----------------------------------------
                                     78 ;	 function bsearch
                                     79 ;	-----------------------------------------
      000000                         80 _bsearch:
                                     81 ;	../bsearch.c: 33: for(const char *left = base; nmemb;)
      000000r82r0F                   82 	mov	a, _bsearch_PARM_2+0
      000002r8Ar0B                   83 	mov	_bsearch_sloc0_1_0+0, a
      000004r83r0F                   84 	mov	a, _bsearch_PARM_2+1
      000006r8Br0B                   85 	mov	_bsearch_sloc0_1_0+1, a
      000008                         86 00109$:
      000008r84r0F                   87 	mov	a, _bsearch_PARM_3+0
      00000Ar85r0E                   88 	or	a, _bsearch_PARM_3+1
      00000C 00 2B                   89 	cneqsn	a, #0x00
      00000ErD8r30                   90 	goto	00107$
                                     91 ;	../bsearch.c: 35: const char *middle = left + nmemb / 2 * size;
      000010r84r0F                   92 	mov	a, _bsearch_PARM_3+0
      000012r8Cr0B                   93 	mov	_bsearch_sloc1_1_0+0, a
      000014r85r0F                   94 	mov	a, _bsearch_PARM_3+1
      000016r8Dr0B                   95 	mov	_bsearch_sloc1_1_0+1, a
      000018r0Dr15                   96 	sr	_bsearch_sloc1_1_0+1
      00001Ar0Cr16                   97 	src	_bsearch_sloc1_1_0+0
      00001Cr8Cr0F                   98 	mov	a, _bsearch_sloc1_1_0+0
      00001Er80r0B                   99 	mov	__mulint_PARM_1+0, a
      000020r8Dr0F                  100 	mov	a, _bsearch_sloc1_1_0+1
      000022r81r0B                  101 	mov	__mulint_PARM_1+1, a
      000024r86r0F                  102 	mov	a, _bsearch_PARM_4+0
      000026r80r0B                  103 	mov	__mulint_PARM_2+0, a
      000028r87r0F                  104 	mov	a, _bsearch_PARM_4+1
      00002Ar81r0B                  105 	mov	__mulint_PARM_2+1, a
      00002Cr00r38                  106 	call	__mulint
      00002Er0Ar0C                  107 	add	a, _bsearch_sloc0_1_0+0
      000030r8Er0B                  108 	mov	_bsearch_sloc2_1_0+0, a
      000032r8Br0F                  109 	mov	a, _bsearch_sloc0_1_0+1
      000034r00r0D                  110 	addc	a, p
      000036r8Fr0B                  111 	mov	_bsearch_sloc2_1_0+1, a
                                    112 ;	../bsearch.c: 36: int c = (*compar)(key, middle);
      000038r8Er0F                  113 	mov	a, _bsearch_sloc2_1_0+0
      00003Ar90r0B                  114 	mov	_bsearch_sloc3_1_0+0, a
      00003Cr8Fr0F                  115 	mov	a, _bsearch_sloc2_1_0+1
      00003Er91r0B                  116 	mov	_bsearch_sloc3_1_0+1, a
      000040r90r0F                  117 	mov	a, _bsearch_sloc3_1_0+0
      000042 72 00                  118 	push	af
      000044 C2 01                  119 	mov	a, sp
      000046 FF 28                  120 	add	a, #0xff
      000048r80r0B                  121 	mov	p, a
      00004Ar91r0F                  122 	mov	a, _bsearch_sloc3_1_0+1
      00004Cr80r03                  123 	idxm	p, a
      00004Er80r0F                  124 	mov	a, _bsearch_PARM_1+0
      000050 72 00                  125 	push	af
      000052r00r12                  126 	inc	p
      000054r00r12                  127 	inc	p
      000056r81r0F                  128 	mov	a, _bsearch_PARM_1+1
      000058r80r03                  129 	idxm	p, a
      00005Ar78r2F                  130 	mov	a, #<(00129$)
      00005C 72 00                  131 	push	af
      00005E C2 01                  132 	mov	a, sp
      000060r80r0B                  133 	mov	p, a
      000062r80r12                  134 	dec	p
      000064r78r2F                  135 	mov	a, #>(00129$)
      000066r80r03                  136 	idxm	p, a
      000068r88r0F                  137 	mov	a, _bsearch_PARM_5+0
      00006A 72 00                  138 	push	af
      00006C C2 01                  139 	mov	a, sp
      00006E FF 28                  140 	add	a, #0xff
      000070r80r0B                  141 	mov	p, a
      000072r89r0F                  142 	mov	a, _bsearch_PARM_5+1
      000074r80r03                  143 	idxm	p, a
      000076 7A 00                  144 	ret
      000078                        145 00129$:
      000078r92r0B                  146 	mov	_bsearch_sloc4_1_0+0, a
      00007Ar80r0F                  147 	mov	a, p
      00007Cr93r0B                  148 	mov	_bsearch_sloc4_1_0+1, a
      00007E C2 01                  149 	mov	a, sp
      000080 FC 28                  150 	add	a, #-4
      000082 82 01                  151 	mov	sp, a
      000084r92r0F                  152 	mov	a, _bsearch_sloc4_1_0+0
      000086r94r0B                  153 	mov	_bsearch_sloc5_1_0+0, a
      000088r93r0F                  154 	mov	a, _bsearch_sloc4_1_0+1
                                    155 ;	../bsearch.c: 38: if(c < 0)
      00008Ar95r0B                  156 	mov	_bsearch_sloc5_1_0+1, a
      00008C 80 29                  157 	sub	a, #0x80
      00008E 40 18                  158 	t0sn	f, c
      000090r9Cr30                  159 	goto	00105$
                                    160 ;	../bsearch.c: 39: nmemb = nmemb / 2;	
      000092r8Cr0F                  161 	mov	a, _bsearch_sloc1_1_0+0
      000094r84r0B                  162 	mov	_bsearch_PARM_3+0, a
      000096r8Dr0F                  163 	mov	a, _bsearch_sloc1_1_0+1
      000098r85r0B                  164 	mov	_bsearch_PARM_3+1, a
      00009Ar08r30                  165 	goto	00109$
      00009C                        166 00105$:
                                    167 ;	../bsearch.c: 40: else if(c > 0)
      00009C 00 2F                  168 	mov	a, #0x00
      00009Er94r0C                  169 	sub	a, _bsearch_sloc5_1_0+0
      0000A0 00 2F                  170 	mov	a, #0x00
      0000A2r95r0D                  171 	subc	a, _bsearch_sloc5_1_0+1
      0000A4 C0 18                  172 	t0sn	f, ov
      0000A6 80 2E                  173 	xor	a, #0x80
      0000A8 6B 00                  174 	sl	a
      0000AA 40 1A                  175 	t1sn	f, c
      0000ACrD0r30                  176 	goto	00102$
                                    177 ;	../bsearch.c: 42: left = middle + size;
      0000AEr8Er0F                  178 	mov	a, _bsearch_sloc2_1_0+0
      0000B0r06r0C                  179 	add	a, _bsearch_PARM_4+0
      0000B2r8Ar0B                  180 	mov	_bsearch_sloc0_1_0+0, a
      0000B4r8Fr0F                  181 	mov	a, _bsearch_sloc2_1_0+1
      0000B6r07r0D                  182 	addc	a, _bsearch_PARM_4+1
      0000B8r8Br0B                  183 	mov	_bsearch_sloc0_1_0+1, a
                                    184 ;	../bsearch.c: 43: nmemb = (nmemb - 1) / 2;
      0000BAr84r0F                  185 	mov	a, _bsearch_PARM_3+0
      0000BC 01 29                  186 	sub	a, #0x01
      0000BEr80r0B                  187 	mov	p, a
      0000C0r85r0F                  188 	mov	a, _bsearch_PARM_3+1
      0000C2 61 00                  189 	subc	a
      0000C4r85r0B                  190 	mov	_bsearch_PARM_3+1, a
      0000C6r80r0F                  191 	mov	a, p
      0000C8r84r0B                  192 	mov	_bsearch_PARM_3+0, a
      0000CAr05r15                  193 	sr	_bsearch_PARM_3+1
      0000CCr04r16                  194 	src	_bsearch_PARM_3+0
      0000CEr08r30                  195 	goto	00109$
      0000D0                        196 00102$:
                                    197 ;	../bsearch.c: 46: return(middle);
      0000D0r8Fr0F                  198 	mov	a, _bsearch_sloc2_1_0+1
      0000D2r80r0B                  199 	mov	p, a
      0000D4r8Er0F                  200 	mov	a, _bsearch_sloc2_1_0+0
      0000D6 7A 00                  201 	ret
      0000D8                        202 00107$:
                                    203 ;	../bsearch.c: 49: return(0);
      0000D8r00r13                  204 	clear	p
      0000DA 00 02                  205 	ret	#0x00
                                    206 ;	../bsearch.c: 50: }
      0000DC 7A 00                  207 	ret
                                    208 	.area CODE
                                    209 	.area CONST
                                    210 	.area CABS (ABS)
