                                      1 ;--------------------------------------------------------
                                      2 ; File Created by SDCC : free open source ANSI-C Compiler
                                      3 ; Version 3.9.1 #11255 (Linux)
                                      4 ;--------------------------------------------------------
                                      5 	.module isalpha
                                      6 	.optsdcc -mpdk13
                                      7 	
                                      8 
                                      9 ; default segment ordering in RAM for linker
                                     10 	.area DATA
                                     11 	.area OSEG (OVR,DATA)
                                     12 
                                     13 ;--------------------------------------------------------
                                     14 ; Public variables in this module
                                     15 ;--------------------------------------------------------
                                     16 	.globl _isalpha_PARM_1
                                     17 	.globl _isalpha
                                     18 ;--------------------------------------------------------
                                     19 ; special function registers
                                     20 ;--------------------------------------------------------
                                     21 	.area RSEG (ABS)
      000000                         22 	.org 0x0000
                                     23 ;--------------------------------------------------------
                                     24 ; ram data
                                     25 ;--------------------------------------------------------
                                     26 	.area DATA
      000000                         27 _isalpha_PARM_1:
      000000                         28 	.ds 2
                                     29 ;--------------------------------------------------------
                                     30 ; overlayable items in ram 
                                     31 ;--------------------------------------------------------
                                     32 ;--------------------------------------------------------
                                     33 ; absolute external ram data
                                     34 ;--------------------------------------------------------
                                     35 	.area DABS (ABS)
                                     36 ;--------------------------------------------------------
                                     37 ; global & static initialisations
                                     38 ;--------------------------------------------------------
                                     39 	.area HOME
                                     40 	.area GSINIT
                                     41 	.area GSFINAL
                                     42 	.area GSINIT
                                     43 ;--------------------------------------------------------
                                     44 ; Home
                                     45 ;--------------------------------------------------------
                                     46 	.area HOME
                                     47 	.area HOME
                                     48 ;--------------------------------------------------------
                                     49 ; code
                                     50 ;--------------------------------------------------------
                                     51 	.area CODE
                                     52 ;	../isalpha.c: 37: int isalpha (int c)
                                     53 ;	-----------------------------------------
                                     54 ;	 function isalpha
                                     55 ;	-----------------------------------------
      000000                         56 _isalpha:
                                     57 ;	../isalpha.c: 39: return (isupper (c) || islower (c));
      000000r81r0F                   58 	mov	a, _isalpha_PARM_1+1
      000002r80r0B                   59 	mov	p, a
      000004r80r0F                   60 	mov	a, _isalpha_PARM_1+0
                                     61 ;	./../../include/ctype.h: 80: return ((unsigned char)c >= 'A' && (unsigned char)c <= 'Z');
      000006 41 2A                   62 	ceqsn	a, #0x41
      000008 00 00                   63 	nop
      00000A 40 18                   64 	t0sn	f, c
      00000Cr16r30                   65 	goto	00110$
      00000E 5B 2A                   66 	ceqsn	a, #0x5b
      000010 00 00                   67 	nop
      000012 40 18                   68 	t0sn	f, c
      000014r2Ar30                   69 	goto	00106$
      000016                         70 00110$:
                                     71 ;	./../../include/ctype.h: 71: return ((unsigned char)c >= 'a' && (unsigned char)c <= 'z');
      000016 61 2A                   72 	ceqsn	a, #0x61
      000018 00 00                   73 	nop
      00001A 40 18                   74 	t0sn	f, c
      00001Cr26r30                   75 	goto	00113$
      00001E 7B 2A                   76 	ceqsn	a, #0x7b
      000020 00 00                   77 	nop
      000022 40 18                   78 	t0sn	f, c
      000024r2Ar30                   79 	goto	00106$
      000026                         80 00113$:
                                     81 ;	../isalpha.c: 39: return (isupper (c) || islower (c));
      000026r00r13                   82 	clear	p
      000028r2Er30                   83 	goto	00107$
      00002A                         84 00106$:
      00002A 01 2F                   85 	mov	a, #0x01
      00002Cr80r0B                   86 	mov	p, a
      00002E                         87 00107$:
      00002E 00 2F                   88 	mov	a, #0x00
      000030r80r13                   89 	xch	a, p
                                     90 ;	../isalpha.c: 40: }
      000032 7A 00                   91 	ret
                                     92 	.area CODE
                                     93 	.area CONST
                                     94 	.area CABS (ABS)
