                                      1 ;--------------------------------------------------------
                                      2 ; File Created by SDCC : free open source ANSI-C Compiler
                                      3 ; Version 3.9.1 #11255 (Linux)
                                      4 ;--------------------------------------------------------
                                      5 	.module isgraph
                                      6 	.optsdcc -mpdk13
                                      7 	
                                      8 
                                      9 ; default segment ordering in RAM for linker
                                     10 	.area DATA
                                     11 	.area OSEG (OVR,DATA)
                                     12 
                                     13 ;--------------------------------------------------------
                                     14 ; Public variables in this module
                                     15 ;--------------------------------------------------------
                                     16 	.globl _isgraph_PARM_1
                                     17 	.globl _isgraph
                                     18 ;--------------------------------------------------------
                                     19 ; special function registers
                                     20 ;--------------------------------------------------------
                                     21 	.area RSEG (ABS)
      000000                         22 	.org 0x0000
                                     23 ;--------------------------------------------------------
                                     24 ; ram data
                                     25 ;--------------------------------------------------------
                                     26 	.area DATA
      000000                         27 _isgraph_PARM_1:
      000000                         28 	.ds 2
                                     29 ;--------------------------------------------------------
                                     30 ; overlayable items in ram 
                                     31 ;--------------------------------------------------------
                                     32 ;--------------------------------------------------------
                                     33 ; absolute external ram data
                                     34 ;--------------------------------------------------------
                                     35 	.area DABS (ABS)
                                     36 ;--------------------------------------------------------
                                     37 ; global & static initialisations
                                     38 ;--------------------------------------------------------
                                     39 	.area HOME
                                     40 	.area GSINIT
                                     41 	.area GSFINAL
                                     42 	.area GSINIT
                                     43 ;--------------------------------------------------------
                                     44 ; Home
                                     45 ;--------------------------------------------------------
                                     46 	.area HOME
                                     47 	.area HOME
                                     48 ;--------------------------------------------------------
                                     49 ; code
                                     50 ;--------------------------------------------------------
                                     51 	.area CODE
                                     52 ;	../isgraph.c: 33: int isgraph (int c)
                                     53 ;	-----------------------------------------
                                     54 ;	 function isgraph
                                     55 ;	-----------------------------------------
      000000                         56 _isgraph:
                                     57 ;	../isgraph.c: 35: return (c > ' ' && c <= '~');
      000000 20 2F                   58 	mov	a, #0x20
      000002r80r0C                   59 	sub	a, _isgraph_PARM_1+0
      000004 00 2F                   60 	mov	a, #0x00
      000006r81r0D                   61 	subc	a, _isgraph_PARM_1+1
      000008 C0 18                   62 	t0sn	f, ov
      00000A 80 2E                   63 	xor	a, #0x80
      00000C 6B 00                   64 	sl	a
      00000E 40 1A                   65 	t1sn	f, c
      000010r24r30                   66 	goto	00103$
      000012 7E 2F                   67 	mov	a, #0x7e
      000014r80r0C                   68 	sub	a, _isgraph_PARM_1+0
      000016 00 2F                   69 	mov	a, #0x00
      000018r81r0D                   70 	subc	a, _isgraph_PARM_1+1
      00001A C0 18                   71 	t0sn	f, ov
      00001C 80 2E                   72 	xor	a, #0x80
      00001E 6B 00                   73 	sl	a
      000020 40 1A                   74 	t1sn	f, c
      000022r28r30                   75 	goto	00104$
      000024                         76 00103$:
      000024r00r13                   77 	clear	p
      000026r2Cr30                   78 	goto	00105$
      000028                         79 00104$:
      000028 01 2F                   80 	mov	a, #0x01
      00002Ar80r0B                   81 	mov	p, a
      00002C                         82 00105$:
      00002C 00 2F                   83 	mov	a, #0x00
      00002Er80r13                   84 	xch	a, p
                                     85 ;	../isgraph.c: 36: }
      000030 7A 00                   86 	ret
                                     87 	.area CODE
                                     88 	.area CONST
                                     89 	.area CABS (ABS)
