                                      1 ;--------------------------------------------------------
                                      2 ; File Created by SDCC : free open source ANSI-C Compiler
                                      3 ; Version 3.9.1 #11255 (Linux)
                                      4 ;--------------------------------------------------------
                                      5 	.module islower
                                      6 	.optsdcc -mpdk13
                                      7 	
                                      8 
                                      9 ; default segment ordering in RAM for linker
                                     10 	.area DATA
                                     11 	.area OSEG (OVR,DATA)
                                     12 
                                     13 ;--------------------------------------------------------
                                     14 ; Public variables in this module
                                     15 ;--------------------------------------------------------
                                     16 	.globl _islower_PARM_1
                                     17 	.globl _islower
                                     18 ;--------------------------------------------------------
                                     19 ; special function registers
                                     20 ;--------------------------------------------------------
                                     21 	.area RSEG (ABS)
      000000                         22 	.org 0x0000
                                     23 ;--------------------------------------------------------
                                     24 ; ram data
                                     25 ;--------------------------------------------------------
                                     26 	.area DATA
      000000                         27 _islower_PARM_1:
      000000                         28 	.ds 2
                                     29 ;--------------------------------------------------------
                                     30 ; overlayable items in ram 
                                     31 ;--------------------------------------------------------
                                     32 ;--------------------------------------------------------
                                     33 ; absolute external ram data
                                     34 ;--------------------------------------------------------
                                     35 	.area DABS (ABS)
                                     36 ;--------------------------------------------------------
                                     37 ; global & static initialisations
                                     38 ;--------------------------------------------------------
                                     39 	.area HOME
                                     40 	.area GSINIT
                                     41 	.area GSFINAL
                                     42 	.area GSINIT
                                     43 ;--------------------------------------------------------
                                     44 ; Home
                                     45 ;--------------------------------------------------------
                                     46 	.area HOME
                                     47 	.area HOME
                                     48 ;--------------------------------------------------------
                                     49 ; code
                                     50 ;--------------------------------------------------------
                                     51 	.area CODE
                                     52 ;	./../../include/ctype.h: 69: inline int islower (int c)
                                     53 ;	-----------------------------------------
                                     54 ;	 function islower
                                     55 ;	-----------------------------------------
      000000                         56 _islower:
                                     57 ;	./../../include/ctype.h: 71: return ((unsigned char)c >= 'a' && (unsigned char)c <= 'z');
      000000r80r0F                   58 	mov	a, _islower_PARM_1+0
      000002 61 2A                   59 	ceqsn	a, #0x61
      000004 00 00                   60 	nop
      000006 40 18                   61 	t0sn	f, c
      000008r12r30                   62 	goto	00103$
      00000A 7B 2A                   63 	ceqsn	a, #0x7b
      00000C 00 00                   64 	nop
      00000E 40 18                   65 	t0sn	f, c
      000010r16r30                   66 	goto	00104$
      000012                         67 00103$:
      000012r00r13                   68 	clear	p
      000014r1Ar30                   69 	goto	00105$
      000016                         70 00104$:
      000016 01 2F                   71 	mov	a, #0x01
      000018r80r0B                   72 	mov	p, a
      00001A                         73 00105$:
      00001A 00 2F                   74 	mov	a, #0x00
      00001Cr80r13                   75 	xch	a, p
                                     76 ;	./../../include/ctype.h: 72: }
      00001E 7A 00                   77 	ret
                                     78 	.area CODE
                                     79 	.area CONST
                                     80 	.area CABS (ABS)
