                                      1 ;--------------------------------------------------------
                                      2 ; File Created by SDCC : free open source ANSI-C Compiler
                                      3 ; Version 3.9.1 #11255 (Linux)
                                      4 ;--------------------------------------------------------
                                      5 	.module isxdigit
                                      6 	.optsdcc -mpdk13
                                      7 	
                                      8 
                                      9 ; default segment ordering in RAM for linker
                                     10 	.area DATA
                                     11 	.area OSEG (OVR,DATA)
                                     12 
                                     13 ;--------------------------------------------------------
                                     14 ; Public variables in this module
                                     15 ;--------------------------------------------------------
                                     16 	.globl _isxdigit_PARM_1
                                     17 	.globl _isxdigit
                                     18 ;--------------------------------------------------------
                                     19 ; special function registers
                                     20 ;--------------------------------------------------------
                                     21 	.area RSEG (ABS)
      000000                         22 	.org 0x0000
                                     23 ;--------------------------------------------------------
                                     24 ; ram data
                                     25 ;--------------------------------------------------------
                                     26 	.area DATA
      000000                         27 _isxdigit_PARM_1:
      000000                         28 	.ds 2
                                     29 ;--------------------------------------------------------
                                     30 ; overlayable items in ram 
                                     31 ;--------------------------------------------------------
                                     32 ;--------------------------------------------------------
                                     33 ; absolute external ram data
                                     34 ;--------------------------------------------------------
                                     35 	.area DABS (ABS)
                                     36 ;--------------------------------------------------------
                                     37 ; global & static initialisations
                                     38 ;--------------------------------------------------------
                                     39 	.area HOME
                                     40 	.area GSINIT
                                     41 	.area GSFINAL
                                     42 	.area GSINIT
                                     43 ;--------------------------------------------------------
                                     44 ; Home
                                     45 ;--------------------------------------------------------
                                     46 	.area HOME
                                     47 	.area HOME
                                     48 ;--------------------------------------------------------
                                     49 ; code
                                     50 ;--------------------------------------------------------
                                     51 	.area CODE
                                     52 ;	../isxdigit.c: 33: int isxdigit (int c)
                                     53 ;	-----------------------------------------
                                     54 ;	 function isxdigit
                                     55 ;	-----------------------------------------
      000000                         56 _isxdigit:
                                     57 ;	../isxdigit.c: 35: return (c >= '0' && c <= '9' || c >= 'a' && c <= 'f' || c >= 'A' && c <= 'F');
      000000r80r0F                   58 	mov	a, _isxdigit_PARM_1+0
      000002 30 29                   59 	sub	a, #0x30
      000004r81r0F                   60 	mov	a, _isxdigit_PARM_1+1
      000006 61 00                   61 	subc	a
      000008 C0 18                   62 	t0sn	f, ov
      00000A 80 2E                   63 	xor	a, #0x80
      00000C 6B 00                   64 	sl	a
      00000E 40 18                   65 	t0sn	f, c
      000010r24r30                   66 	goto	00111$
      000012 39 2F                   67 	mov	a, #0x39
      000014r80r0C                   68 	sub	a, _isxdigit_PARM_1+0
      000016 00 2F                   69 	mov	a, #0x00
      000018r81r0D                   70 	subc	a, _isxdigit_PARM_1+1
      00001A C0 18                   71 	t0sn	f, ov
      00001C 80 2E                   72 	xor	a, #0x80
      00001E 6B 00                   73 	sl	a
      000020 40 1A                   74 	t1sn	f, c
      000022r70r30                   75 	goto	00104$
      000024                         76 00111$:
      000024r80r0F                   77 	mov	a, _isxdigit_PARM_1+0
      000026 61 29                   78 	sub	a, #0x61
      000028r81r0F                   79 	mov	a, _isxdigit_PARM_1+1
      00002A 61 00                   80 	subc	a
      00002C C0 18                   81 	t0sn	f, ov
      00002E 80 2E                   82 	xor	a, #0x80
      000030 6B 00                   83 	sl	a
      000032 40 18                   84 	t0sn	f, c
      000034r48r30                   85 	goto	00108$
      000036 66 2F                   86 	mov	a, #0x66
      000038r80r0C                   87 	sub	a, _isxdigit_PARM_1+0
      00003A 00 2F                   88 	mov	a, #0x00
      00003Cr81r0D                   89 	subc	a, _isxdigit_PARM_1+1
      00003E C0 18                   90 	t0sn	f, ov
      000040 80 2E                   91 	xor	a, #0x80
      000042 6B 00                   92 	sl	a
      000044 40 1A                   93 	t1sn	f, c
      000046r70r30                   94 	goto	00104$
      000048                         95 00108$:
      000048r80r0F                   96 	mov	a, _isxdigit_PARM_1+0
      00004A 41 29                   97 	sub	a, #0x41
      00004Cr81r0F                   98 	mov	a, _isxdigit_PARM_1+1
      00004E 61 00                   99 	subc	a
      000050 C0 18                  100 	t0sn	f, ov
      000052 80 2E                  101 	xor	a, #0x80
      000054 6B 00                  102 	sl	a
      000056 40 18                  103 	t0sn	f, c
      000058r6Cr30                  104 	goto	00103$
      00005A 46 2F                  105 	mov	a, #0x46
      00005Cr80r0C                  106 	sub	a, _isxdigit_PARM_1+0
      00005E 00 2F                  107 	mov	a, #0x00
      000060r81r0D                  108 	subc	a, _isxdigit_PARM_1+1
      000062 C0 18                  109 	t0sn	f, ov
      000064 80 2E                  110 	xor	a, #0x80
      000066 6B 00                  111 	sl	a
      000068 40 1A                  112 	t1sn	f, c
      00006Ar70r30                  113 	goto	00104$
      00006C                        114 00103$:
      00006Cr00r13                  115 	clear	p
      00006Er74r30                  116 	goto	00105$
      000070                        117 00104$:
      000070 01 2F                  118 	mov	a, #0x01
      000072r80r0B                  119 	mov	p, a
      000074                        120 00105$:
      000074 00 2F                  121 	mov	a, #0x00
      000076r80r13                  122 	xch	a, p
                                    123 ;	../isxdigit.c: 36: }
      000078 7A 00                  124 	ret
                                    125 	.area CODE
                                    126 	.area CONST
                                    127 	.area CABS (ABS)
