                                      1 ;--------------------------------------------------------
                                      2 ; File Created by SDCC : free open source ANSI-C Compiler
                                      3 ; Version 3.9.1 #11255 (Linux)
                                      4 ;--------------------------------------------------------
                                      5 	.module memcpy
                                      6 	.optsdcc -mpdk13
                                      7 	
                                      8 
                                      9 ; default segment ordering in RAM for linker
                                     10 	.area DATA
                                     11 	.area OSEG (OVR,DATA)
                                     12 
                                     13 ;--------------------------------------------------------
                                     14 ; Public variables in this module
                                     15 ;--------------------------------------------------------
                                     16 	.globl ___memcpy
                                     17 	.globl _memcpy_PARM_3
                                     18 	.globl _memcpy_PARM_2
                                     19 	.globl _memcpy_PARM_1
                                     20 	.globl _memcpy
                                     21 ;--------------------------------------------------------
                                     22 ; special function registers
                                     23 ;--------------------------------------------------------
                                     24 	.area RSEG (ABS)
      000000                         25 	.org 0x0000
                                     26 ;--------------------------------------------------------
                                     27 ; ram data
                                     28 ;--------------------------------------------------------
                                     29 	.area DATA
      000000                         30 _memcpy_PARM_1:
      000000                         31 	.ds 2
      000002                         32 _memcpy_PARM_2:
      000002                         33 	.ds 2
      000004                         34 _memcpy_PARM_3:
      000004                         35 	.ds 2
                                     36 ;--------------------------------------------------------
                                     37 ; overlayable items in ram 
                                     38 ;--------------------------------------------------------
                                     39 ;--------------------------------------------------------
                                     40 ; absolute external ram data
                                     41 ;--------------------------------------------------------
                                     42 	.area DABS (ABS)
                                     43 ;--------------------------------------------------------
                                     44 ; global & static initialisations
                                     45 ;--------------------------------------------------------
                                     46 	.area HOME
                                     47 	.area GSINIT
                                     48 	.area GSFINAL
                                     49 	.area GSINIT
                                     50 ;--------------------------------------------------------
                                     51 ; Home
                                     52 ;--------------------------------------------------------
                                     53 	.area HOME
                                     54 	.area HOME
                                     55 ;--------------------------------------------------------
                                     56 ; code
                                     57 ;--------------------------------------------------------
                                     58 	.area CODE
                                     59 ;	../memcpy.c: 35: void *memcpy (void *dst, const void *src, size_t n)
                                     60 ;	-----------------------------------------
                                     61 ;	 function memcpy
                                     62 ;	-----------------------------------------
      000000                         63 _memcpy:
                                     64 ;	../memcpy.c: 37: return __memcpy (dst, src, n);
      000000r80r0F                   65 	mov	a, _memcpy_PARM_1+0
      000002r80r0B                   66 	mov	___memcpy_PARM_1+0, a
      000004r81r0F                   67 	mov	a, _memcpy_PARM_1+1
      000006r81r0B                   68 	mov	___memcpy_PARM_1+1, a
      000008r82r0F                   69 	mov	a, _memcpy_PARM_2+0
      00000Ar80r0B                   70 	mov	___memcpy_PARM_2+0, a
      00000Cr83r0F                   71 	mov	a, _memcpy_PARM_2+1
      00000Er81r0B                   72 	mov	___memcpy_PARM_2+1, a
      000010r84r0F                   73 	mov	a, _memcpy_PARM_3+0
      000012r80r0B                   74 	mov	___memcpy_PARM_3+0, a
      000014r85r0F                   75 	mov	a, _memcpy_PARM_3+1
      000016r81r0B                   76 	mov	___memcpy_PARM_3+1, a
      000018r00r38                   77 	call	___memcpy
                                     78 ;	../memcpy.c: 38: }
      00001A 7A 00                   79 	ret
                                     80 	.area CODE
                                     81 	.area CONST
                                     82 	.area CABS (ABS)
