                                      1 ;--------------------------------------------------------
                                      2 ; File Created by SDCC : free open source ANSI-C Compiler
                                      3 ; Version 3.9.1 #11255 (Linux)
                                      4 ;--------------------------------------------------------
                                      5 	.module puts
                                      6 	.optsdcc -mpdk13
                                      7 	
                                      8 
                                      9 ; default segment ordering in RAM for linker
                                     10 	.area DATA
                                     11 	.area OSEG (OVR,DATA)
                                     12 
                                     13 ;--------------------------------------------------------
                                     14 ; Public variables in this module
                                     15 ;--------------------------------------------------------
                                     16 	.globl _putchar
                                     17 	.globl _puts_PARM_1
                                     18 	.globl _puts
                                     19 ;--------------------------------------------------------
                                     20 ; special function registers
                                     21 ;--------------------------------------------------------
                                     22 	.area RSEG (ABS)
      000000                         23 	.org 0x0000
                                     24 ;--------------------------------------------------------
                                     25 ; ram data
                                     26 ;--------------------------------------------------------
                                     27 	.area DATA
      000000                         28 _puts_PARM_1:
      000000                         29 	.ds 2
      000002                         30 _puts_sloc0_1_0:
      000002                         31 	.ds 2
                                     32 ;--------------------------------------------------------
                                     33 ; overlayable items in ram 
                                     34 ;--------------------------------------------------------
                                     35 ;--------------------------------------------------------
                                     36 ; absolute external ram data
                                     37 ;--------------------------------------------------------
                                     38 	.area DABS (ABS)
                                     39 ;--------------------------------------------------------
                                     40 ; global & static initialisations
                                     41 ;--------------------------------------------------------
                                     42 	.area HOME
                                     43 	.area GSINIT
                                     44 	.area GSFINAL
                                     45 	.area GSINIT
                                     46 ;--------------------------------------------------------
                                     47 ; Home
                                     48 ;--------------------------------------------------------
                                     49 	.area HOME
                                     50 	.area HOME
                                     51 ;--------------------------------------------------------
                                     52 ; code
                                     53 ;--------------------------------------------------------
                                     54 	.area CODE
                                     55 ;	../puts.c: 31: int puts (const char *s)
                                     56 ;	-----------------------------------------
                                     57 ;	 function puts
                                     58 ;	-----------------------------------------
      000000                         59 _puts:
                                     60 ;	../puts.c: 33: while (*s)
      000000r80r0F                   61 	mov	a, _puts_PARM_1+0
      000002r82r0B                   62 	mov	_puts_sloc0_1_0+0, a
      000004r81r0F                   63 	mov	a, _puts_PARM_1+1
      000006r83r0B                   64 	mov	_puts_sloc0_1_0+1, a
      000008                         65 00103$:
      000008r82r0F                   66 	mov	a, _puts_sloc0_1_0+0
      00000Ar80r0B                   67 	mov	p, a
      00000Cr83r0F                   68 	mov	a, _puts_sloc0_1_0+1
      00000Er00r38                   69 	call	__gptrget
      000010 00 2B                   70 	cneqsn	a, #0x00
      000012r2Er30                   71 	goto	00105$
                                     72 ;	../puts.c: 34: if (putchar(*s++) == EOF)
      000014r02r12                   73 	inc	_puts_sloc0_1_0+0
      000016r03r10                   74 	addc	_puts_sloc0_1_0+1
      000018r80r0B                   75 	mov	_putchar_PARM_1+0, a
      00001Ar01r13                   76 	clear	_putchar_PARM_1+1
      00001Cr00r38                   77 	call	_putchar
      00001E FF 2A                   78 	ceqsn	a, #0xff
      000020r08r30                   79 	goto	00103$
      000022r80r0F                   80 	mov	a, p
      000024 FF 2A                   81 	ceqsn	a, #0xff
      000026r08r30                   82 	goto	00103$
                                     83 ;	../puts.c: 35: return EOF;
      000028 FF 2F                   84 	mov	a, #0xff
      00002Ar80r0B                   85 	mov	p, a
      00002C FF 02                   86 	ret	#0xff
      00002E                         87 00105$:
                                     88 ;	../puts.c: 36: return putchar('\n');
      00002E 0A 2F                   89 	mov	a, #0x0a
      000030r80r0B                   90 	mov	_putchar_PARM_1+0, a
      000032r01r13                   91 	clear	_putchar_PARM_1+1
      000034r00r38                   92 	call	_putchar
                                     93 ;	../puts.c: 37: }
      000036 7A 00                   94 	ret
                                     95 	.area CODE
                                     96 	.area CONST
                                     97 	.area CABS (ABS)
