This file contains any messages produced by compilers while
running configure, to aid debugging if configure makes a mistake.

It was created by pic14lib configure 0.1, which was
generated by GNU Autoconf 2.69.  Invocation command line was

  $ ./configure --disable-option-checking --prefix=/usr/local docdir=${datarootdir}/doc/${PACKAGE} --cache-file=/dev/null --srcdir=.

## --------- ##
## Platform. ##
## --------- ##

hostname = kapil-ThinkPad-T460p
uname -m = x86_64
uname -r = 4.4.0-148-generic
uname -s = Linux
uname -v = #174-Ubuntu SMP Tue May 7 12:20:14 UTC 2019

/usr/bin/uname -p = unknown
/bin/uname -X     = unknown

/bin/arch              = unknown
/usr/bin/arch -k       = unknown
/usr/convex/getsysinfo = unknown
/usr/bin/hostinfo      = unknown
/bin/machine           = unknown
/usr/bin/oslevel       = unknown
/bin/universe          = unknown

PATH: /home/kapil/.opam/default/bin
PATH: /home/kapil/.cabal/bin
PATH: /home/kapil/.ghcup/bin
PATH: /home/kapil/.local/bin
PATH: /usr/local/sbin
PATH: /usr/local/bin
PATH: /usr/sbin
PATH: /usr/bin
PATH: /sbin
PATH: /bin
PATH: /usr/games
PATH: /usr/local/games
PATH: /snap/bin
PATH: /usr/lib/jvm/java-8-oracle/bin
PATH: /usr/lib/jvm/java-8-oracle/db/bin
PATH: /usr/lib/jvm/java-8-oracle/jre/bin


## ----------- ##
## Core tests. ##
## ----------- ##

configure:1799: checking for a BSD-compatible install
configure:1867: result: /usr/bin/install -c
configure:1878: checking whether build environment is sane
configure:1933: result: yes
configure:1971: WARNING: 'missing' script is too old or missing
configure:2084: checking for a thread-safe mkdir -p
configure:2123: result: /bin/mkdir -p
configure:2130: checking for gawk
configure:2146: found /usr/bin/gawk
configure:2157: result: gawk
configure:2168: checking whether make sets $(MAKE)
configure:2190: result: yes
configure:2219: checking whether make supports nested variables
configure:2236: result: yes
configure:2397: checking for gpasm
configure:2428: result: :
configure:2438: checking for gplink
configure:2469: result: :
configure:2479: checking for gplib
configure:2510: result: :
configure:2521: error: gputils (gpasm, gplink, and gplib) are required but not found.
Either install gputils or reconfigure with --disable-pic14-port and --disable-pic16-port.

## ---------------- ##
## Cache variables. ##
## ---------------- ##

ac_cv_env_build_alias_set=
ac_cv_env_build_alias_value=
ac_cv_env_host_alias_set=
ac_cv_env_host_alias_value=
ac_cv_env_target_alias_set=
ac_cv_env_target_alias_value=
ac_cv_path_AR=:
ac_cv_path_CCAS=:
ac_cv_path_LD=:
ac_cv_path_install='/usr/bin/install -c'
ac_cv_path_mkdir=/bin/mkdir
ac_cv_prog_AWK=gawk
ac_cv_prog_make_make_set=yes
am_cv_make_support_nested_variables=yes

## ----------------- ##
## Output variables. ##
## ----------------- ##

ACLOCAL='aclocal-1.16'
AMDEPBACKSLASH=''
AMDEP_FALSE=''
AMDEP_TRUE=''
AMTAR='$${TAR-tar}'
AM_BACKSLASH='\'
AM_DEFAULT_V='$(AM_DEFAULT_VERBOSITY)'
AM_DEFAULT_VERBOSITY='1'
AM_V='$(V)'
AR=':'
ARCH='16f877'
ARFLAGS=''
AUTOCONF='autoconf'
AUTOHEADER='autoheader'
AUTOMAKE='automake-1.16'
AWK='gawk'
CC=''\''/home/kapil/Documents/EE 99/sdcc/device/lib/pic14//../../../bin/sdcc'\'''
CCAS=':'
CCASDEPMODE=''
CCASFLAGS=''
CCDEPMODE=''
CFLAGS=''
CYGPATH_W='echo'
DEFS=''
DEPDIR=''
EARCH='16f1934'
ECHO_C=''
ECHO_N='-n'
ECHO_T=''
ENABLE_ENHANCED_PICS_FALSE=''
ENABLE_ENHANCED_PICS_TRUE=''
ENABLE_EXTENDED_INSTRUCTIONS_FALSE=''
ENABLE_EXTENDED_INSTRUCTIONS_TRUE=''
INSTALL_DATA='${INSTALL} -m 644'
INSTALL_PROGRAM='${INSTALL}'
INSTALL_SCRIPT='${INSTALL}'
INSTALL_STRIP_PROGRAM='$(install_sh) -c -s'
LD=':'
LDFLAGS=''
LIBOBJS=''
LIBS=''
LTLIBOBJS=''
MAKEINFO='makeinfo'
MKDIR_P='/bin/mkdir -p'
OBJEXT=''
PACKAGE='pic14lib'
PACKAGE_BUGREPORT='tecodev AT users sourceforge net'
PACKAGE_NAME='pic14lib'
PACKAGE_STRING='pic14lib 0.1'
PACKAGE_TARNAME='pic14lib'
PACKAGE_URL=''
PACKAGE_VERSION='0.1'
PATH_SEPARATOR=':'
RANLIB=''
SET_MAKE=''
SHELL='/bin/bash'
STRIP=''
VERSION='0.1'
am__fastdepCCAS_FALSE=''
am__fastdepCCAS_TRUE=''
am__fastdepCC_FALSE=''
am__fastdepCC_TRUE=''
am__include=''
am__isrc=''
am__leading_dot='.'
am__nodep=''
am__quote=''
am__tar='$${TAR-tar} chof - "$$tardir"'
am__untar='$${TAR-tar} xf -'
bindir='${exec_prefix}/bin'
build_alias=''
datadir='${datarootdir}'
datarootdir='${prefix}/share'
docdir='${datarootdir}/doc/${PACKAGE}'
dvidir='${docdir}'
exec_prefix='NONE'
host_alias=''
htmldir='${docdir}'
includedir='${prefix}/include'
infodir='${datarootdir}/info'
install_sh='${SHELL} '\''/home/kapil/Documents/EE 99/sdcc/device/lib/pic14/install-sh'\'''
libdir='${exec_prefix}/lib/pic14'
libexecdir='${exec_prefix}/libexec'
localedir='${datarootdir}/locale'
localstatedir='${prefix}/var'
mandir='${datarootdir}/man'
mkdir_p='$(MKDIR_P)'
oldincludedir='/usr/include'
pdfdir='${docdir}'
prefix='/usr/local'
program_transform_name='s,x,x,'
psdir='${docdir}'
runstatedir='${localstatedir}/run'
sbindir='${exec_prefix}/sbin'
sharedstatedir='${prefix}/com'
sysconfdir='${prefix}/etc'
target_alias=''

## ----------- ##
## confdefs.h. ##
## ----------- ##

/* confdefs.h */
#define PACKAGE_NAME "pic14lib"
#define PACKAGE_TARNAME "pic14lib"
#define PACKAGE_VERSION "0.1"
#define PACKAGE_STRING "pic14lib 0.1"
#define PACKAGE_BUGREPORT "tecodev AT users sourceforge net"
#define PACKAGE_URL ""
#define PACKAGE "pic14lib"
#define VERSION "0.1"

configure: exit 1
